  main.cpp
  scenebasic_uniform.cpp
C:\Users\Matt\Documents\GitHub\COMP3015-summer-referral\Project_Template_Diffuse\Project_Template_Diffuse\Project_Template\scenebasic_uniform.cpp(218,20): warning C4101: 'display_h': unreferenced local variable
C:\Users\Matt\Documents\GitHub\COMP3015-summer-referral\Project_Template_Diffuse\Project_Template_Diffuse\Project_Template\scenebasic_uniform.cpp(218,9): warning C4101: 'display_w': unreferenced local variable
  Generating Code...
  LINK : C:\Users\Matt\Documents\GitHub\COMP3015-summer-referral\Project_Template_Diffuse\Project_Template_Diffuse\Project_Template\x64\Debug\Project_Template.exe not found or not built by the last incremental link; performing full link
glfw3.lib(context.obj) : warning LNK4099: PDB '' was not found with 'glfw3.lib(context.obj)' or at ''; linking object as if no debug info
glfw3.lib(init.obj) : warning LNK4099: PDB 'glfw.pdb' was not found with 'glfw3.lib(init.obj)' or at 'C:\Users\Matt\Documents\GitHub\COMP3015-summer-referral\Project_Template_Diffuse\Project_Template_Diffuse\Project_Template\x64\Debug\glfw.pdb'; linking object as if no debug info
glfw3.lib(input.obj) : warning LNK4099: PDB 'glfw.pdb' was not found with 'glfw3.lib(input.obj)' or at 'C:\Users\Matt\Documents\GitHub\COMP3015-summer-referral\Project_Template_Diffuse\Project_Template_Diffuse\Project_Template\x64\Debug\glfw.pdb'; linking object as if no debug info
glfw3.lib(monitor.obj) : warning LNK4099: PDB 'glfw.pdb' was not found with 'glfw3.lib(monitor.obj)' or at 'C:\Users\Matt\Documents\GitHub\COMP3015-summer-referral\Project_Template_Diffuse\Project_Template_Diffuse\Project_Template\x64\Debug\glfw.pdb'; linking object as if no debug info
glfw3.lib(vulkan.obj) : warning LNK4099: PDB 'glfw.pdb' was not found with 'glfw3.lib(vulkan.obj)' or at 'C:\Users\Matt\Documents\GitHub\COMP3015-summer-referral\Project_Template_Diffuse\Project_Template_Diffuse\Project_Template\x64\Debug\glfw.pdb'; linking object as if no debug info
glfw3.lib(window.obj) : warning LNK4099: PDB 'glfw.pdb' was not found with 'glfw3.lib(window.obj)' or at 'C:\Users\Matt\Documents\GitHub\COMP3015-summer-referral\Project_Template_Diffuse\Project_Template_Diffuse\Project_Template\x64\Debug\glfw.pdb'; linking object as if no debug info
glfw3.lib(win32_init.obj) : warning LNK4099: PDB 'glfw.pdb' was not found with 'glfw3.lib(win32_init.obj)' or at 'C:\Users\Matt\Documents\GitHub\COMP3015-summer-referral\Project_Template_Diffuse\Project_Template_Diffuse\Project_Template\x64\Debug\glfw.pdb'; linking object as if no debug info
glfw3.lib(win32_joystick.obj) : warning LNK4099: PDB 'glfw.pdb' was not found with 'glfw3.lib(win32_joystick.obj)' or at 'C:\Users\Matt\Documents\GitHub\COMP3015-summer-referral\Project_Template_Diffuse\Project_Template_Diffuse\Project_Template\x64\Debug\glfw.pdb'; linking object as if no debug info
glfw3.lib(win32_monitor.obj) : warning LNK4099: PDB 'glfw.pdb' was not found with 'glfw3.lib(win32_monitor.obj)' or at 'C:\Users\Matt\Documents\GitHub\COMP3015-summer-referral\Project_Template_Diffuse\Project_Template_Diffuse\Project_Template\x64\Debug\glfw.pdb'; linking object as if no debug info
glfw3.lib(win32_time.obj) : warning LNK4099: PDB '' was not found with 'glfw3.lib(win32_time.obj)' or at ''; linking object as if no debug info
glfw3.lib(win32_thread.obj) : warning LNK4099: PDB 'glfw.pdb' was not found with 'glfw3.lib(win32_thread.obj)' or at 'C:\Users\Matt\Documents\GitHub\COMP3015-summer-referral\Project_Template_Diffuse\Project_Template_Diffuse\Project_Template\x64\Debug\glfw.pdb'; linking object as if no debug info
glfw3.lib(win32_window.obj) : warning LNK4099: PDB 'glfw.pdb' was not found with 'glfw3.lib(win32_window.obj)' or at 'C:\Users\Matt\Documents\GitHub\COMP3015-summer-referral\Project_Template_Diffuse\Project_Template_Diffuse\Project_Template\x64\Debug\glfw.pdb'; linking object as if no debug info
glfw3.lib(wgl_context.obj) : warning LNK4099: PDB 'glfw.pdb' was not found with 'glfw3.lib(wgl_context.obj)' or at 'C:\Users\Matt\Documents\GitHub\COMP3015-summer-referral\Project_Template_Diffuse\Project_Template_Diffuse\Project_Template\x64\Debug\glfw.pdb'; linking object as if no debug info
glfw3.lib(egl_context.obj) : warning LNK4099: PDB 'glfw.pdb' was not found with 'glfw3.lib(egl_context.obj)' or at 'C:\Users\Matt\Documents\GitHub\COMP3015-summer-referral\Project_Template_Diffuse\Project_Template_Diffuse\Project_Template\x64\Debug\glfw.pdb'; linking object as if no debug info
glfw3.lib(osmesa_context.obj) : warning LNK4099: PDB '' was not found with 'glfw3.lib(osmesa_context.obj)' or at ''; linking object as if no debug info
  Project_Template.vcxproj -> C:\Users\Matt\Documents\GitHub\COMP3015-summer-referral\Project_Template_Diffuse\Project_Template_Diffuse\Project_Template\x64\Debug\Project_Template.exe
